[2026-01-28 11:36:15] POST DATA: {"station-id":"214343","station-name":"dssss","initial-date":"2026-01-28","division":"Howrah-COO","section-name":"Howrah-COO","zone":"ER","updated-date":"2026-01-28","section-id":"12_0","observations":"[{\"S_no\":\"11.1\",\"observation_text\":\"Cable route plan for OFC &amp; Power cable (Relay Room to Tower)\",\"requirement_text\":\"Railway-approved outdoor signalling cable route plan shall be available, if applicable.\",\"barcode_kavach_main_unit\":\"\",\"remarks\":\"\",\"observation_status\":\"Yes\",\"image_paths\":[]},{\"S_no\":\"11.2\",\"observation_text\":\"Cable route markers\",\"requirement_text\":\"Route markers shall be installed and clearly visible.\",\"barcode_kavach_main_unit\":\"\",\"remarks\":\"\",\"observation_status\":\"Yes\",\"image_paths\":[]}]"}
[2026-01-28 11:36:15] Processing 2 observations
[2026-01-28 11:36:15] Found station: external=214343, internal=98
[2026-01-28 11:36:15] SUCCESS: Observations saved
[2026-01-28 11:44:12] POST DATA: {"station-id":"798798","station-name":"jhgjgi","initial-date":"2026-01-28","division":"Pt Deendayal Upadhy - Pradhankhnta","section-name":"Pt Deendayal Upadhy - Pradhankhnta","zone":"ECR","updated-date":"2026-01-28","section-id":"12_0","observations":"[{\"S_no\":\"11.1\",\"observation_text\":\"Cable route plan for OFC &amp; Power cable (Relay Room to Tower)\",\"requirement_text\":\"Railway-approved outdoor signalling cable route plan shall be available, if applicable.\",\"barcode_kavach_main_unit\":\"\",\"remarks\":\"\",\"observation_status\":\"Yes\",\"image_paths\":[]},{\"S_no\":\"11.2\",\"observation_text\":\"Cable route markers\",\"requirement_text\":\"Route markers shall be installed and clearly visible.\",\"barcode_kavach_main_unit\":\"\",\"remarks\":\"\",\"observation_status\":\"Yes\",\"image_paths\":[]}]"}
[2026-01-28 11:44:12] Processing 2 observations
[2026-01-28 11:44:12] Found station: external=798798, internal=99
[2026-01-28 11:44:12] SUCCESS: Observations saved
[2026-01-28 11:49:24] POST DATA: {"station-id":"435545","station-name":"fggfgffg","initial-date":"2026-01-28","division":"Howrah-COO","section-name":"Howrah-COO","zone":"ER","updated-date":"2026-01-28","section-id":"12_0","observations":"[{\"S_no\":\"11.1\",\"observation_text\":\"Cable route plan for OFC &amp; Power cable (Relay Room to Tower)\",\"requirement_text\":\"Railway-approved outdoor signalling cable route plan shall be available, if applicable.\",\"barcode_kavach_main_unit\":\"\",\"remarks\":\"\",\"observation_status\":\"Yes\",\"image_paths\":[]}]"}
[2026-01-28 11:49:24] Processing 1 observations
[2026-01-28 11:49:24] Found station: external=435545, internal=100
[2026-01-28 11:49:24] SUCCESS: Observations saved
[2026-01-28 11:54:09] POST DATA: {"station-id":"123456","station-name":"hyderabadh","initial-date":"2026-01-28","division":"Howrah-COO","section-name":"Howrah-COO","zone":"ER","updated-date":"2026-01-28","section-id":"12_0","observations":"[{\"S_no\":\"11.1\",\"observation_text\":\"Cable route plan for OFC &amp; Power cable (Relay Room to Tower)\",\"requirement_text\":\"Railway-approved outdoor signalling cable route plan shall be available, if applicable.\",\"barcode_kavach_main_unit\":\"\",\"remarks\":\"\",\"observation_status\":\"Yes\",\"image_paths\":[]},{\"S_no\":\"11.2\",\"observation_text\":\"Cable route markers\",\"requirement_text\":\"Route markers shall be installed and clearly visible.\",\"barcode_kavach_main_unit\":\"\",\"remarks\":\"\",\"observation_status\":\"Yes\",\"image_paths\":[]},{\"S_no\":\"11.3\",\"observation_text\":\"Cable route markers\",\"requirement_text\":\"Where contractually required, underground RFID markers shall be installed and verified.\",\"barcode_kavach_main_unit\":\"\",\"remarks\":\"\",\"observation_status\":\"Yes\",\"image_paths\":[]}]"}
[2026-01-28 11:54:09] Processing 3 observations
[2026-01-28 11:54:09] Found station: external=123456, internal=101
[2026-01-28 11:54:09] SUCCESS: Observations saved
[2026-01-28 12:03:41] POST DATA: {"station-id":"4321","station-name":"jhjhvhsd","initial-date":"2026-01-28","division":"Mumbai","section-name":"Nagpur","zone":"CR","updated-date":"2026-01-28","section-id":"12_0","observations":"[{\"S_no\":\"11.1\",\"observation_text\":\"Cable route plan for OFC &amp; Power cable (Relay Room to Tower)\",\"requirement_text\":\"Railway-approved outdoor signalling cable route plan shall be available, if applicable.\",\"barcode_kavach_main_unit\":\"\",\"remarks\":\"nooo\",\"observation_status\":\"No\",\"image_paths\":[]},{\"S_no\":\"11.2\",\"observation_text\":\"Cable route markers\",\"requirement_text\":\"Route markers shall be installed and clearly visible.\",\"barcode_kavach_main_unit\":\"\",\"remarks\":\"yrsss\",\"observation_status\":\"Yes\",\"image_paths\":[]}]"}
[2026-01-28 12:03:41] Processing 2 observations
[2026-01-28 12:03:41] Found station: external=4321, internal=102
[2026-01-28 12:03:41] SUCCESS: Observations saved
[2026-01-28 12:12:23] POST DATA: {"station-id":"342242","station-name":"dfffddffd","initial-date":"2026-01-28","division":"Howrah-COO","section-name":"Howrah-COO","zone":"ER","updated-date":"2026-01-28","section-id":"12_0","observations":"[{\"S_no\":\"11.1\",\"observation_text\":\"Cable route plan for OFC &amp; Power cable (Relay Room to Tower)\",\"requirement_text\":\"Railway-approved outdoor signalling cable route plan shall be available, if applicable.\",\"barcode_kavach_main_unit\":\"\",\"remarks\":\"\",\"observation_status\":\"Yes\",\"image_paths\":[]}]"}
[2026-01-28 12:12:23] Processing 1 observations
[2026-01-28 12:12:23] Found station: external=342242, internal=103
[2026-01-28 12:12:23] SUCCESS: Observations saved
[2026-01-28 12:16:52] POST DATA: {"station-id":"323452","station-name":"dfffdff","initial-date":"2026-01-28","division":"Howrah-COO","section-name":"Howrah-COO","zone":"ER","updated-date":"2026-01-28","section-id":"12_0","observations":"[{\"S_no\":\"11.1\",\"observation_text\":\"Cable route plan for OFC &amp; Power cable (Relay Room to Tower)\",\"requirement_text\":\"Railway-approved outdoor signalling cable route plan shall be available, if applicable.\",\"barcode_kavach_main_unit\":\"\",\"remarks\":\"\",\"observation_status\":\"Yes\",\"image_paths\":[]},{\"S_no\":\"11.2\",\"observation_text\":\"Cable route markers\",\"requirement_text\":\"Route markers shall be installed and clearly visible.\",\"barcode_kavach_main_unit\":\"\",\"remarks\":\"\",\"observation_status\":\"Yes\",\"image_paths\":[]}]"}
[2026-01-28 12:16:52] Processing 2 observations
[2026-01-28 12:16:52] Found station: external=323452, internal=104
[2026-01-28 12:16:52] SUCCESS: Observations saved
[2026-01-28 12:23:53] POST DATA: {"station-id":"6555656","station-name":"fgggfgf","initial-date":"2026-01-28","division":"Bhusawal","section-name":"Bhusawal","zone":"CR","updated-date":"2026-01-28","section-id":"12_0","observations":"[{\"S_no\":\"11.1\",\"observation_text\":\"Cable route plan for OFC &amp; Power cable (Relay Room to Tower)\",\"requirement_text\":\"Railway-approved outdoor signaling cable route plan shall be available, if applicable.\",\"barcode_kavach_main_unit\":\"\",\"remarks\":\"\",\"observation_status\":\"Yes\",\"image_paths\":[]}]"}
[2026-01-28 12:23:53] Processing 1 observations
[2026-01-28 12:23:53] Found station: external=6555656, internal=105
[2026-01-28 12:23:53] SUCCESS: Observations saved
[2026-01-28 12:26:55] POST DATA: {"station-id":"67765876","station-name":"fgddh","initial-date":"2026-01-28","division":"Pt Deendayal Upadhy - Pradhankhnta","section-name":"Pt Deendayal Upadhy - Pradhankhnta","zone":"ECR","updated-date":"2026-01-28","section-id":"12_0","observations":"[{\"S_no\":\"11.1\",\"observation_text\":\"Cable route plan for OFC &amp; Power cable (Relay Room to Tower)\",\"requirement_text\":\"Railway-approved outdoor signaling cable route plan shall be available, if applicable.\",\"barcode_kavach_main_unit\":\"\",\"remarks\":\"\",\"observation_status\":\"Yes\",\"image_paths\":[]},{\"S_no\":\"11.2\",\"observation_text\":\"Cable route markers\",\"requirement_text\":\"Route markers shall be installed and clearly visible.\",\"barcode_kavach_main_unit\":\"\",\"remarks\":\"\",\"observation_status\":\"Yes\",\"image_paths\":[]}]"}
[2026-01-28 12:26:55] Processing 2 observations
[2026-01-28 12:26:55] Found station: external=67765876, internal=106
[2026-01-28 12:26:55] SUCCESS: Observations saved
[2026-01-28 12:34:59] POST DATA: {"station-id":"324454","station-name":"dsfvv","initial-date":"2026-01-28","division":"Howrah-COO","section-name":"Howrah-COO","zone":"ER","updated-date":"2026-01-28","section-id":"12_0","observations":"[{\"S_no\":\"11.1\",\"observation_text\":\"Cable route plan for OFC &amp; Power cable (Relay Room to Tower)\",\"requirement_text\":\"Railway-approved outdoor signaling cable route plan shall be available, if applicable.\",\"barcode_kavach_main_unit\":\"\",\"remarks\":\"\",\"observation_status\":\"Yes\",\"image_paths\":[]}]"}
[2026-01-28 12:34:59] Processing 1 observations
[2026-01-28 12:34:59] Found station: external=324454, internal=107
[2026-01-28 12:34:59] SUCCESS: Observations saved
[2026-01-28 12:42:09] POST DATA: {"station-id":"354545","station-name":"dfvcv","initial-date":"2026-01-28","division":"Howrah-COO","section-name":"Howrah-COO","zone":"ER","updated-date":"2026-01-28","section-id":"12_0","observations":"[{\"S_no\":\"11.1\",\"observation_text\":\"Cable route plan for OFC &amp; Power cable (Relay Room to Tower)\",\"requirement_text\":\"Railway-approved outdoor signaling cable route plan shall be available, if applicable.\",\"barcode_kavach_main_unit\":\"\",\"remarks\":\"\",\"observation_status\":\"Yes\",\"image_paths\":[]},{\"S_no\":\"11.2\",\"observation_text\":\"Cable route markers\",\"requirement_text\":\"Route markers shall be installed and clearly visible.\",\"barcode_kavach_main_unit\":\"\",\"remarks\":\"\",\"observation_status\":\"Yes\",\"image_paths\":[]}]"}
[2026-01-28 12:42:09] Processing 2 observations
[2026-01-28 12:42:09] Found station: external=354545, internal=108
[2026-01-28 12:42:09] SUCCESS: Observations saved
[2026-01-28 12:49:06] POST DATA: {"station-id":"324453","station-name":"vbbbbbbb","initial-date":"2026-01-28","division":"Howrah-COO","section-name":"Howrah-COO","zone":"ER","updated-date":"2026-01-28","section-id":"12_0","observations":"[{\"S_no\":\"11.1\",\"observation_text\":\"Cable route plan for OFC &amp; Power cable (Relay Room to Tower)\",\"requirement_text\":\"Railway-approved outdoor signaling cable route plan shall be available, if applicable.\",\"barcode_kavach_main_unit\":\"\",\"remarks\":\"\",\"observation_status\":\"Yes\",\"image_paths\":[]},{\"S_no\":\"11.2\",\"observation_text\":\"Cable route markers\",\"requirement_text\":\"Route markers shall be installed and clearly visible.\",\"barcode_kavach_main_unit\":\"\",\"remarks\":\"\",\"observation_status\":\"Yes\",\"image_paths\":[]}]"}
[2026-01-28 12:49:06] Processing 2 observations
[2026-01-28 12:49:06] Found station: external=324453, internal=109
[2026-01-28 12:49:06] SUCCESS: Observations saved
[2026-01-28 12:52:58] POST DATA: {"station-id":"435565","station-name":"fggffg","initial-date":"2026-01-28","division":"Pt Deendayal Upadhy - Pradhankhnta","section-name":"Pt Deendayal Upadhy - Pradhankhnta","zone":"ECR","updated-date":"2026-01-28","section-id":"12_0","observations":"[{\"S_no\":\"11.1\",\"observation_text\":\"Cable route plan for OFC &amp; Power cable (Relay Room to Tower)\",\"requirement_text\":\"Railway-approved outdoor signaling cable route plan shall be available, if applicable.\",\"barcode_kavach_main_unit\":\"\",\"remarks\":\"\",\"observation_status\":\"Yes\",\"image_paths\":[]},{\"S_no\":\"11.2\",\"observation_text\":\"Cable route markers\",\"requirement_text\":\"Route markers shall be installed and clearly visible.\",\"barcode_kavach_main_unit\":\"\",\"remarks\":\"\",\"observation_status\":\"Yes\",\"image_paths\":[]}]"}
[2026-01-28 12:52:58] Processing 2 observations
[2026-01-28 12:52:58] Found station: external=435565, internal=33
[2026-01-28 12:52:58] SUCCESS: Observations saved
[2026-01-28 12:53:51] POST DATA: {"station-id":"45666","station-name":"fgffv","initial-date":"2026-01-28","division":"Vijayawada - Ballarshah","section-name":"Vijayawada - Ballarshah","zone":"SCR","updated-date":"2026-01-28","section-id":"12_0","observations":"[{\"S_no\":\"11.1\",\"observation_text\":\"Cable route plan for OFC &amp; Power cable (Relay Room to Tower)\",\"requirement_text\":\"Railway-approved outdoor signaling cable route plan shall be available, if applicable.\",\"barcode_kavach_main_unit\":\"\",\"remarks\":\"\",\"observation_status\":\"Yes\",\"image_paths\":[]},{\"S_no\":\"11.3\",\"observation_text\":\"Cable route markers\",\"requirement_text\":\"Where contractually required, underground RFID markers shall be installed and verified.\",\"barcode_kavach_main_unit\":\"\",\"remarks\":\"\",\"observation_status\":\"No\",\"image_paths\":[]}]"}
[2026-01-28 12:53:51] Processing 2 observations
[2026-01-28 12:53:51] Found station: external=45666, internal=110
[2026-01-28 12:53:51] SUCCESS: Observations saved
[2026-01-28 12:57:56] POST DATA: {"station-id":"765456","station-name":"herhgre","initial-date":"2026-01-28","division":"Mumbai","section-name":"Mumbai","zone":"CR","updated-date":"2026-01-28","section-id":"12_0","observations":"[{\"S_no\":\"11.1\",\"observation_text\":\"Cable route plan for OFC &amp; Power cable (Relay Room to Tower)\",\"requirement_text\":\"Railway-approved outdoor signaling cable route plan shall be available, if applicable.\",\"barcode_kavach_main_unit\":\"\",\"remarks\":\"\",\"observation_status\":\"Yes\",\"image_paths\":[]}]"}
[2026-01-28 12:57:56] Processing 1 observations
[2026-01-28 12:57:56] Found station: external=765456, internal=111
[2026-01-28 12:57:56] SUCCESS: Observations saved
[2026-01-28 13:03:35] POST DATA: {"station-id":"3434543","station-name":"dcfsxsgxzgd","initial-date":"2026-01-28","division":"Pt Deendayal Upadhy - Pradhankhnta","section-name":"Pt Deendayal Upadhy - Pradhankhnta","zone":"ECR","updated-date":"2026-01-28","section-id":"12_0","observations":"[{\"S_no\":\"11.1\",\"observation_text\":\"Cable route plan for OFC &amp; Power cable (Relay Room to Tower)\",\"requirement_text\":\"Railway-approved outdoor signaling cable route plan shall be available, if applicable.\",\"barcode_kavach_main_unit\":\"\",\"remarks\":\"\",\"observation_status\":\"Yes\",\"image_paths\":[]}]"}
[2026-01-28 13:03:35] Processing 1 observations
[2026-01-28 13:03:35] Found station: external=3434543, internal=112
[2026-01-28 13:03:35] SUCCESS: Observations saved
[2026-01-28 13:10:46] POST DATA: {"station-id":"3243324","station-name":"rfrtgrt","initial-date":"2026-01-28","division":"Howrah-COO","section-name":"Howrah-COO","zone":"ER","updated-date":"2026-01-28","section-id":"12_0","observations":"[{\"S_no\":\"11.1\",\"observation_text\":\"Cable route plan for OFC &amp; Power cable (Relay Room to Tower)\",\"requirement_text\":\"Railway-approved outdoor signaling cable route plan shall be available, if applicable.\",\"barcode_kavach_main_unit\":\"\",\"remarks\":\"ye4ssss\",\"observation_status\":\"Yes\",\"image_paths\":[]},{\"S_no\":\"11.2\",\"observation_text\":\"Cable route markers\",\"requirement_text\":\"Route markers shall be installed and clearly visible.\",\"barcode_kavach_main_unit\":\"\",\"remarks\":\"\",\"observation_status\":\"Select\",\"image_paths\":[]},{\"S_no\":\"11.3\",\"observation_text\":\"Cable route markers\",\"requirement_text\":\"Where contractually required, underground RFID markers shall be installed and verified.\",\"barcode_kavach_main_unit\":\"\",\"remarks\":\"\",\"observation_status\":\"Select\",\"image_paths\":[]}]"}
[2026-01-28 13:10:46] Processing 3 observations
[2026-01-28 13:10:46] Found station: external=3243324, internal=113
[2026-01-28 13:10:46] SUCCESS: Observations saved
[2026-01-28 13:14:29] POST DATA: {"station-id":"4365","station-name":"vcvg","initial-date":"2026-01-28","division":"Howrah-COO","section-name":"Howrah-COO","zone":"ER","updated-date":"2026-01-28","section-id":"12_0","observations":"[{\"S_no\":\"11.1\",\"observation_text\":\"Cable route plan for OFC &amp; Power cable (Relay Room to Tower)\",\"requirement_text\":\"Railway-approved outdoor signaling cable route plan shall be available, if applicable.\",\"barcode_kavach_main_unit\":\"\",\"remarks\":\"\",\"observation_status\":\"Yes\",\"image_paths\":[]},{\"S_no\":\"11.2\",\"observation_text\":\"Cable route markers\",\"requirement_text\":\"Route markers shall be installed and clearly visible.\",\"barcode_kavach_main_unit\":\"\",\"remarks\":\"\",\"observation_status\":\"Select\",\"image_paths\":[]},{\"S_no\":\"11.3\",\"observation_text\":\"Cable route markers\",\"requirement_text\":\"Where contractually required, underground RFID markers shall be installed and verified.\",\"barcode_kavach_main_unit\":\"\",\"remarks\":\"\",\"observation_status\":\"Select\",\"image_paths\":[]}]"}
[2026-01-28 13:14:29] Processing 3 observations
[2026-01-28 13:14:29] Found station: external=4365, internal=114
[2026-01-28 13:14:29] SUCCESS: Observations saved
[2026-01-28 13:16:26] POST DATA: {"station-id":"4355454","station-name":"fggffgf","initial-date":"2026-01-28","division":"Howrah-COO","section-name":"Howrah-COO","zone":"ER","updated-date":"2026-01-28","section-id":"12_0","observations":"[{\"S_no\":\"11.1\",\"observation_text\":\"Cable route plan for OFC &amp; Power cable (Relay Room to Tower)\",\"requirement_text\":\"Railway-approved outdoor signaling cable route plan shall be available, if applicable.\",\"barcode_kavach_main_unit\":\"\",\"remarks\":\"\",\"observation_status\":\"Yes\",\"image_paths\":[]},{\"S_no\":\"11.2\",\"observation_text\":\"Cable route markers\",\"requirement_text\":\"Route markers shall be installed and clearly visible.\",\"barcode_kavach_main_unit\":\"\",\"remarks\":\"\",\"observation_status\":\"Select\",\"image_paths\":[]},{\"S_no\":\"11.3\",\"observation_text\":\"Cable route markers\",\"requirement_text\":\"Where contractually required, underground RFID markers shall be installed and verified.\",\"barcode_kavach_main_unit\":\"\",\"remarks\":\"\",\"observation_status\":\"Select\",\"image_paths\":[]}]"}
[2026-01-28 13:16:27] Processing 3 observations
[2026-01-28 13:16:27] Found station: external=4355454, internal=81
[2026-01-28 13:16:27] SUCCESS: Observations saved
[2026-01-28 13:16:56] POST DATA: {"station-id":"435454","station-name":"vffdfdfd","initial-date":"2026-01-28","division":"Pt Deendayal Upadhy - Pradhankhnta","section-name":"Pt Deendayal Upadhy - Pradhankhnta","zone":"ECR","updated-date":"2026-01-28","section-id":"12_0","observations":"[{\"S_no\":\"11.1\",\"observation_text\":\"Cable route plan for OFC &amp; Power cable (Relay Room to Tower)\",\"requirement_text\":\"Railway-approved outdoor signaling cable route plan shall be available, if applicable.\",\"barcode_kavach_main_unit\":\"\",\"remarks\":\"\",\"observation_status\":\"Yes\",\"image_paths\":[]},{\"S_no\":\"11.2\",\"observation_text\":\"Cable route markers\",\"requirement_text\":\"Route markers shall be installed and clearly visible.\",\"barcode_kavach_main_unit\":\"\",\"remarks\":\"\",\"observation_status\":\"Yes\",\"image_paths\":[]},{\"S_no\":\"11.3\",\"observation_text\":\"Cable route markers\",\"requirement_text\":\"Where contractually required, underground RFID markers shall be installed and verified.\",\"barcode_kavach_main_unit\":\"\",\"remarks\":\"\",\"observation_status\":\"Select\",\"image_paths\":[]}]"}
[2026-01-28 13:16:56] Processing 3 observations
[2026-01-28 13:16:56] Found station: external=435454, internal=115
[2026-01-28 13:16:56] SUCCESS: Observations saved
[2026-01-28 13:34:07] POST DATA: {"station-id":"6777577","station-name":"hfhfj","initial-date":"2026-01-28","division":"Howrah-COO","section-name":"Howrah-COO","zone":"ER","updated-date":"2026-01-28","section-id":"12_0","observations":"[{\"S_no\":\"11.1\",\"observation_text\":\"Cable route plan for OFC &amp; Power cable (Relay Room to Tower)\",\"requirement_text\":\"Railway-approved outdoor signaling cable route plan shall be available, if applicable.\",\"barcode_kavach_main_unit\":\"\",\"remarks\":\"\",\"observation_status\":\"Yes\",\"image_paths\":[]},{\"S_no\":\"11.2\",\"observation_text\":\"Cable route markers\",\"requirement_text\":\"Route markers shall be installed and clearly visible.\",\"barcode_kavach_main_unit\":\"\",\"remarks\":\"\",\"observation_status\":\"Select\",\"image_paths\":[]},{\"S_no\":\"11.3\",\"observation_text\":\"Cable route markers\",\"requirement_text\":\"Where contractually required, underground RFID markers shall be installed and verified.\",\"barcode_kavach_main_unit\":\"\",\"remarks\":\"\",\"observation_status\":\"Select\",\"image_paths\":[]}]"}
[2026-01-28 13:34:07] Processing 3 observations
[2026-01-28 13:34:07] Found station: external=6777577, internal=116
[2026-01-28 13:34:07] SUCCESS: Observations saved
[2026-01-28 13:36:43] POST DATA: {"station-id":"354565","station-name":"dsffdfdfd","initial-date":"2026-01-28","division":"Nanded-Aurangabad","section-name":"Nanded-Aurangabad","zone":"SCR","updated-date":"2026-01-28","section-id":"12_0","observations":"[{\"S_no\":\"11.1\",\"observation_text\":\"Cable route plan for OFC &amp; Power cable (Relay Room to Tower)\",\"requirement_text\":\"Railway-approved outdoor signaling cable route plan shall be available, if applicable.\",\"barcode_kavach_main_unit\":\"\",\"remarks\":\"\",\"observation_status\":\"Yes\",\"image_paths\":[]},{\"S_no\":\"11.2\",\"observation_text\":\"Cable route markers\",\"requirement_text\":\"Route markers shall be installed and clearly visible.\",\"barcode_kavach_main_unit\":\"\",\"remarks\":\"\",\"observation_status\":\"Select\",\"image_paths\":[]},{\"S_no\":\"11.3\",\"observation_text\":\"Cable route markers\",\"requirement_text\":\"Where contractually required, underground RFID markers shall be installed and verified.\",\"barcode_kavach_main_unit\":\"\",\"remarks\":\"\",\"observation_status\":\"Select\",\"image_paths\":[]}]"}
[2026-01-28 13:36:43] Processing 3 observations
[2026-01-28 13:36:43] Found station: external=354565, internal=117
[2026-01-28 13:36:43] SUCCESS: Observations saved
