[2026-01-28 11:35:34] POST DATA: {"station-id":"214343","station-name":"dssss","initial-date":"2026-01-28","division":"Howrah-COO","section-name":"Howrah-COO","zone":"ER","updated-date":"2026-01-28","section-id":"13_0","observations":"[{\"S_no\":\"12.1\",\"observation_text\":\"Visual Inspection\",\"requirement_text\":\"Verify visual inspection, No gaps, No play, Tags shall be placing centre of the sleeper and Duplicate tag spacing (3\u20135 m)\",\"barcode_kavach_main_unit\":\"\",\"remarks\":\"\",\"observation_status\":\"Yes\",\"image_paths\":[]}]"}
[2026-01-28 11:35:34] Processing 1 observations
[2026-01-28 11:35:34] Found station: external=214343, internal=98
[2026-01-28 11:35:34] SUCCESS: Observations saved
[2026-01-28 11:44:20] POST DATA: {"station-id":"798798","station-name":"jhgjgi","initial-date":"2026-01-28","division":"Pt Deendayal Upadhy - Pradhankhnta","section-name":"Pt Deendayal Upadhy - Pradhankhnta","zone":"ECR","updated-date":"2026-01-28","section-id":"13_0","observations":"[{\"S_no\":\"12.1\",\"observation_text\":\"Visual Inspection\",\"requirement_text\":\"Verify visual inspection, No gaps, No play, Tags shall be placing centre of the sleeper and Duplicate tag spacing (3\u20135 m)\",\"barcode_kavach_main_unit\":\"\",\"remarks\":\"\",\"observation_status\":\"Yes\",\"image_paths\":[]},{\"S_no\":\"12.2\",\"observation_text\":\"RFID Tags installation\",\"requirement_text\":\"RFID placement verification report shall be available and confirm placement within \u00b15 m of design location.\",\"barcode_kavach_main_unit\":\"\",\"remarks\":\"\",\"observation_status\":\"No\",\"image_paths\":[]},{\"S_no\":\"12.3\",\"observation_text\":\"RFID Tag data Validation and Placement verification\",\"requirement_text\":\"System-generated RFID data validation report and Placement verification report shall available.\",\"barcode_kavach_main_unit\":\"\",\"remarks\":\"\",\"observation_status\":\"Yes\",\"image_paths\":[]}]"}
[2026-01-28 11:44:20] Processing 3 observations
[2026-01-28 11:44:20] Found station: external=798798, internal=99
[2026-01-28 11:44:20] SUCCESS: Observations saved
[2026-01-28 11:56:22] POST DATA: {"station-id":"123456","station-name":"hyderabadh","initial-date":"2026-01-28","division":"Howrah-COO","section-name":"Howrah-COO","zone":"ER","updated-date":"2026-01-28","section-id":"13_0","observations":"[{\"S_no\":\"12.1\",\"observation_text\":\"Visual Inspection\",\"requirement_text\":\"Verify visual inspection, No gaps, No play, Tags shall be placing centre of the sleeper and Duplicate tag spacing (3\u20135 m)\",\"barcode_kavach_main_unit\":\"\",\"remarks\":\"\",\"observation_status\":\"Yes\",\"image_paths\":[]},{\"S_no\":\"12.2\",\"observation_text\":\"RFID Tags installation\",\"requirement_text\":\"RFID placement verification report shall be available and confirm placement within \u00b15 m of design location.\",\"barcode_kavach_main_unit\":\"\",\"remarks\":\"\",\"observation_status\":\"Yes\",\"image_paths\":[]},{\"S_no\":\"12.3\",\"observation_text\":\"RFID Tag data Validation and Placement verification\",\"requirement_text\":\"System-generated RFID data validation report and Placement verification report shall available.\",\"barcode_kavach_main_unit\":\"\",\"remarks\":\"\",\"observation_status\":\"Yes\",\"image_paths\":[]}]"}
[2026-01-28 11:56:22] Processing 3 observations
[2026-01-28 11:56:22] Found station: external=123456, internal=101
[2026-01-28 11:56:22] SUCCESS: Observations saved
[2026-01-28 12:04:10] POST DATA: {"station-id":"4321","station-name":"jhjhvhsd","initial-date":"2026-01-28","division":"Mumbai","section-name":"Nagpur","zone":"CR","updated-date":"2026-01-28","section-id":"13_0","observations":"[{\"S_no\":\"12.1\",\"observation_text\":\"Visual Inspection\",\"requirement_text\":\"Verify visual inspection, No gaps, No play, Tags shall be placing centre of the sleeper and Duplicate tag spacing (3\u20135 m)\",\"barcode_kavach_main_unit\":\"\",\"remarks\":\"\",\"observation_status\":\"Yes\",\"image_paths\":[]}]"}
[2026-01-28 12:04:10] Processing 1 observations
[2026-01-28 12:04:10] Found station: external=4321, internal=102
[2026-01-28 12:04:10] SUCCESS: Observations saved
[2026-01-28 12:12:18] POST DATA: {"station-id":"342242","station-name":"dfffddffd","initial-date":"2026-01-28","division":"Howrah-COO","section-name":"Howrah-COO","zone":"ER","updated-date":"2026-01-28","section-id":"13_0","observations":"[{\"S_no\":\"12.1\",\"observation_text\":\"Visual Inspection\",\"requirement_text\":\"Verify visual inspection, No gaps, No play, Tags shall be placing centre of the sleeper and Duplicate tag spacing (3\u20135 m)\",\"barcode_kavach_main_unit\":\"\",\"remarks\":\"\",\"observation_status\":\"Yes\",\"image_paths\":[]}]"}
[2026-01-28 12:12:18] Processing 1 observations
[2026-01-28 12:12:18] Found station: external=342242, internal=103
[2026-01-28 12:12:18] SUCCESS: Observations saved
[2026-01-28 12:23:57] POST DATA: {"station-id":"6555656","station-name":"fgggfgf","initial-date":"2026-01-28","division":"Bhusawal","section-name":"Bhusawal","zone":"CR","updated-date":"2026-01-28","section-id":"13_0","observations":"[{\"S_no\":\"12.1\",\"observation_text\":\"Visual Inspection\",\"requirement_text\":\"Verify visual inspection, No gaps, No play, Tags shall be placing centre of the sleeper and Duplicate tag spacing (3\u20135 m)\",\"barcode_kavach_main_unit\":\"\",\"remarks\":\"\",\"observation_status\":\"Yes\",\"image_paths\":[]}]"}
[2026-01-28 12:23:57] Processing 1 observations
[2026-01-28 12:23:57] Found station: external=6555656, internal=105
[2026-01-28 12:23:57] SUCCESS: Observations saved
[2026-01-28 12:27:01] POST DATA: {"station-id":"67765876","station-name":"fgddh","initial-date":"2026-01-28","division":"Pt Deendayal Upadhy - Pradhankhnta","section-name":"Pt Deendayal Upadhy - Pradhankhnta","zone":"ECR","updated-date":"2026-01-28","section-id":"13_0","observations":"[{\"S_no\":\"12.1\",\"observation_text\":\"Visual Inspection\",\"requirement_text\":\"Verify visual inspection, No gaps, No play, Tags shall be placing centre of the sleeper and Duplicate tag spacing (3\u20135 m)\",\"barcode_kavach_main_unit\":\"\",\"remarks\":\"\",\"observation_status\":\"No\",\"image_paths\":[]},{\"S_no\":\"12.2\",\"observation_text\":\"RFID Tags installation\",\"requirement_text\":\"RFID placement verification report shall be available and confirm placement within \u00b15 m of design location.\",\"barcode_kavach_main_unit\":\"\",\"remarks\":\"\",\"observation_status\":\"Yes\",\"image_paths\":[]}]"}
[2026-01-28 12:27:01] Processing 2 observations
[2026-01-28 12:27:01] Found station: external=67765876, internal=106
[2026-01-28 12:27:01] SUCCESS: Observations saved
[2026-01-28 12:34:44] POST DATA: {"station-id":"324454","station-name":"dsfvv","initial-date":"2026-01-28","division":"Howrah-COO","section-name":"Howrah-COO","zone":"ER","updated-date":"2026-01-28","section-id":"13_0","observations":"[{\"S_no\":\"12.1\",\"observation_text\":\"Visual Inspection\",\"requirement_text\":\"Verify visual inspection, No gaps, No play, Tags shall be placing centre of the sleeper and Duplicate tag spacing (3\u20135 m)\",\"barcode_kavach_main_unit\":\"\",\"remarks\":\"\",\"observation_status\":\"Yes\",\"image_paths\":[]}]"}
[2026-01-28 12:34:44] Processing 1 observations
[2026-01-28 12:34:44] Found station: external=324454, internal=107
[2026-01-28 12:34:44] SUCCESS: Observations saved
[2026-01-28 12:42:16] POST DATA: {"station-id":"354545","station-name":"dfvcv","initial-date":"2026-01-28","division":"Howrah-COO","section-name":"Howrah-COO","zone":"ER","updated-date":"2026-01-28","section-id":"13_0","observations":"[{\"S_no\":\"12.1\",\"observation_text\":\"Visual Inspection\",\"requirement_text\":\"Verify visual inspection, No gaps, No play, Tags shall be placing centre of the sleeper and Duplicate tag spacing (3\u20135 m)\",\"barcode_kavach_main_unit\":\"\",\"remarks\":\"\",\"observation_status\":\"Yes\",\"image_paths\":[]},{\"S_no\":\"12.3\",\"observation_text\":\"RFID Tag data Validation and Placement verification\",\"requirement_text\":\"System-generated RFID data validation report and Placement verification report shall available.\",\"barcode_kavach_main_unit\":\"\",\"remarks\":\"\",\"observation_status\":\"No\",\"image_paths\":[]}]"}
[2026-01-28 12:42:16] Processing 2 observations
[2026-01-28 12:42:16] Found station: external=354545, internal=108
[2026-01-28 12:42:16] SUCCESS: Observations saved
[2026-01-28 12:49:01] POST DATA: {"station-id":"324453","station-name":"vbbbbbbb","initial-date":"2026-01-28","division":"Howrah-COO","section-name":"Howrah-COO","zone":"ER","updated-date":"2026-01-28","section-id":"13_0","observations":"[{\"S_no\":\"12.1\",\"observation_text\":\"Visual Inspection\",\"requirement_text\":\"Verify visual inspection, No gaps, No play, Tags shall be placing centre of the sleeper and Duplicate tag spacing (3\u20135 m)\",\"barcode_kavach_main_unit\":\"\",\"remarks\":\"\",\"observation_status\":\"Yes\",\"image_paths\":[]},{\"S_no\":\"12.2\",\"observation_text\":\"RFID Tags installation\",\"requirement_text\":\"RFID placement verification report shall be available and confirm placement within \u00b15 m of design location.\",\"barcode_kavach_main_unit\":\"\",\"remarks\":\"\",\"observation_status\":\"Yes\",\"image_paths\":[]}]"}
[2026-01-28 12:49:01] Processing 2 observations
[2026-01-28 12:49:01] Found station: external=324453, internal=109
[2026-01-28 12:49:01] SUCCESS: Observations saved
[2026-01-28 12:53:04] POST DATA: {"station-id":"435565","station-name":"fggffg","initial-date":"2026-01-28","division":"Pt Deendayal Upadhy - Pradhankhnta","section-name":"Pt Deendayal Upadhy - Pradhankhnta","zone":"ECR","updated-date":"2026-01-28","section-id":"13_0","observations":"[{\"S_no\":\"12.1\",\"observation_text\":\"Visual Inspection\",\"requirement_text\":\"Verify visual inspection, No gaps, No play, Tags shall be placing centre of the sleeper and Duplicate tag spacing (3\u20135 m)\",\"barcode_kavach_main_unit\":\"\",\"remarks\":\"\",\"observation_status\":\"Yes\",\"image_paths\":[]},{\"S_no\":\"12.2\",\"observation_text\":\"RFID Tags installation\",\"requirement_text\":\"RFID placement verification report shall be available and confirm placement within \u00b15 m of design location.\",\"barcode_kavach_main_unit\":\"\",\"remarks\":\"\",\"observation_status\":\"Yes\",\"image_paths\":[]}]"}
[2026-01-28 12:53:04] Processing 2 observations
[2026-01-28 12:53:04] Found station: external=435565, internal=33
[2026-01-28 12:53:04] SUCCESS: Observations saved
[2026-01-28 12:53:55] POST DATA: {"station-id":"45666","station-name":"fgffv","initial-date":"2026-01-28","division":"Vijayawada - Ballarshah","section-name":"Vijayawada - Ballarshah","zone":"SCR","updated-date":"2026-01-28","section-id":"13_0","observations":"[{\"S_no\":\"12.1\",\"observation_text\":\"Visual Inspection\",\"requirement_text\":\"Verify visual inspection, No gaps, No play, Tags shall be placing centre of the sleeper and Duplicate tag spacing (3\u20135 m)\",\"barcode_kavach_main_unit\":\"\",\"remarks\":\"\",\"observation_status\":\"Yes\",\"image_paths\":[]},{\"S_no\":\"12.3\",\"observation_text\":\"RFID Tag data Validation and Placement verification\",\"requirement_text\":\"System-generated RFID data validation report and Placement verification report shall available.\",\"barcode_kavach_main_unit\":\"\",\"remarks\":\"\",\"observation_status\":\"Yes\",\"image_paths\":[]}]"}
[2026-01-28 12:53:55] Processing 2 observations
[2026-01-28 12:53:55] Found station: external=45666, internal=110
[2026-01-28 12:53:55] SUCCESS: Observations saved
[2026-01-28 12:58:11] POST DATA: {"station-id":"765456","station-name":"herhgre","initial-date":"2026-01-28","division":"Mumbai","section-name":"Mumbai","zone":"CR","updated-date":"2026-01-28","section-id":"13_0","observations":"[{\"S_no\":\"12.1\",\"observation_text\":\"Visual Inspection\",\"requirement_text\":\"Verify visual inspection, No gaps, No play, Tags shall be placing centre of the sleeper and Duplicate tag spacing (3\u20135 m)\",\"barcode_kavach_main_unit\":\"\",\"remarks\":\"\",\"observation_status\":\"Yes\",\"image_paths\":[]},{\"S_no\":\"12.2\",\"observation_text\":\"RFID Tags installation\",\"requirement_text\":\"RFID placement verification report shall be available and confirm placement within \u00b15 m of design location.\",\"barcode_kavach_main_unit\":\"\",\"remarks\":\"\",\"observation_status\":\"Yes\",\"image_paths\":[]}]"}
[2026-01-28 12:58:11] Processing 2 observations
[2026-01-28 12:58:11] Found station: external=765456, internal=111
[2026-01-28 12:58:11] SUCCESS: Observations saved
[2026-01-28 13:07:31] POST DATA: {"station-id":"3434543","station-name":"dcfsxsgxzgd","initial-date":"2026-01-28","division":"Pt Deendayal Upadhy - Pradhankhnta","section-name":"Pt Deendayal Upadhy - Pradhankhnta","zone":"ECR","updated-date":"2026-01-28","section-id":"13_0","observations":"[{\"S_no\":\"12.1\",\"observation_text\":\"Visual Inspection\",\"requirement_text\":\"Verify visual inspection, No gaps, No play, Tags shall be placing centre of the sleeper and Duplicate tag spacing (3\u20135 m)\",\"barcode_kavach_main_unit\":\"\",\"remarks\":\"\",\"observation_status\":\"No\",\"image_paths\":[]}]"}
[2026-01-28 13:07:31] Processing 1 observations
[2026-01-28 13:07:32] Found station: external=3434543, internal=112
[2026-01-28 13:07:32] SUCCESS: Observations saved
[2026-01-28 13:11:09] POST DATA: {"station-id":"3243324","station-name":"rfrtgrt","initial-date":"2026-01-28","division":"Howrah-COO","section-name":"Howrah-COO","zone":"ER","updated-date":"2026-01-28","section-id":"13_0","observations":"[{\"S_no\":\"12.1\",\"observation_text\":\"Visual Inspection\",\"requirement_text\":\"Verify visual inspection, No gaps, No play, Tags shall be placing centre of the sleeper and Duplicate tag spacing (3\u20135 m)\",\"barcode_kavach_main_unit\":\"\",\"remarks\":\"hiiiii\",\"observation_status\":\"Yes\",\"image_paths\":[]},{\"S_no\":\"12.2\",\"observation_text\":\"RFID Tags installation\",\"requirement_text\":\"RFID placement verification report shall be available and confirm placement within \u00b15 m of design location.\",\"barcode_kavach_main_unit\":\"\",\"remarks\":\"\",\"observation_status\":\"Select\",\"image_paths\":[]},{\"S_no\":\"12.3\",\"observation_text\":\"RFID Tag data Validation and Placement verification\",\"requirement_text\":\"System-generated RFID data validation report and Placement verification report shall available.\",\"barcode_kavach_main_unit\":\"\",\"remarks\":\"\",\"observation_status\":\"Select\",\"image_paths\":[]}]"}
[2026-01-28 13:11:09] Processing 3 observations
[2026-01-28 13:11:09] Found station: external=3243324, internal=113
[2026-01-28 13:11:09] SUCCESS: Observations saved
[2026-01-28 13:14:43] POST DATA: {"station-id":"4365","station-name":"vcvg","initial-date":"2026-01-28","division":"Howrah-COO","section-name":"Howrah-COO","zone":"ER","updated-date":"2026-01-28","section-id":"13_0","observations":"[{\"S_no\":\"12.1\",\"observation_text\":\"Visual Inspection\",\"requirement_text\":\"Verify visual inspection, No gaps, No play, Tags shall be placing centre of the sleeper and Duplicate tag spacing (3\u20135 m)\",\"barcode_kavach_main_unit\":\"\",\"remarks\":\"\",\"observation_status\":\"Yes\",\"image_paths\":[]},{\"S_no\":\"12.2\",\"observation_text\":\"RFID Tags installation\",\"requirement_text\":\"RFID placement verification report shall be available and confirm placement within \u00b15 m of design location.\",\"barcode_kavach_main_unit\":\"\",\"remarks\":\"\",\"observation_status\":\"Yes\",\"image_paths\":[]},{\"S_no\":\"12.3\",\"observation_text\":\"RFID Tag data Validation and Placement verification\",\"requirement_text\":\"System-generated RFID data validation report and Placement verification report shall available.\",\"barcode_kavach_main_unit\":\"\",\"remarks\":\"\",\"observation_status\":\"Select\",\"image_paths\":[]}]"}
[2026-01-28 13:14:43] Processing 3 observations
[2026-01-28 13:14:43] Found station: external=4365, internal=114
[2026-01-28 13:14:43] SUCCESS: Observations saved
[2026-01-28 13:17:13] POST DATA: {"station-id":"435454","station-name":"vffdfdfd","initial-date":"2026-01-28","division":"Pt Deendayal Upadhy - Pradhankhnta","section-name":"Pt Deendayal Upadhy - Pradhankhnta","zone":"ECR","updated-date":"2026-01-28","section-id":"13_0","observations":"[{\"S_no\":\"12.1\",\"observation_text\":\"Visual Inspection\",\"requirement_text\":\"Verify visual inspection, No gaps, No play, Tags shall be placing centre of the sleeper and Duplicate tag spacing (3\u20135 m)\",\"barcode_kavach_main_unit\":\"\",\"remarks\":\"\",\"observation_status\":\"Yes\",\"image_paths\":[]},{\"S_no\":\"12.2\",\"observation_text\":\"RFID Tags installation\",\"requirement_text\":\"RFID placement verification report shall be available and confirm placement within \u00b15 m of design location.\",\"barcode_kavach_main_unit\":\"\",\"remarks\":\"\",\"observation_status\":\"Yes\",\"image_paths\":[]},{\"S_no\":\"12.3\",\"observation_text\":\"RFID Tag data Validation and Placement verification\",\"requirement_text\":\"System-generated RFID data validation report and Placement verification report shall available.\",\"barcode_kavach_main_unit\":\"\",\"remarks\":\"\",\"observation_status\":\"Select\",\"image_paths\":[]}]"}
[2026-01-28 13:17:13] Processing 3 observations
[2026-01-28 13:17:13] Found station: external=435454, internal=115
[2026-01-28 13:17:13] SUCCESS: Observations saved
[2026-01-28 13:34:18] POST DATA: {"station-id":"6777577","station-name":"hfhfj","initial-date":"2026-01-28","division":"Howrah-COO","section-name":"Howrah-COO","zone":"ER","updated-date":"2026-01-28","section-id":"13_0","observations":"[{\"S_no\":\"12.1\",\"observation_text\":\"Visual Inspection\",\"requirement_text\":\"Verify visual inspection, No gaps, No play, Tags shall be placing centre of the sleeper and Duplicate tag spacing (3\u20135 m)\",\"barcode_kavach_main_unit\":\"\",\"remarks\":\"\",\"observation_status\":\"Yes\",\"image_paths\":[]},{\"S_no\":\"12.2\",\"observation_text\":\"RFID Tags installation\",\"requirement_text\":\"RFID placement verification report shall be available and confirm placement within \u00b15 m of design location.\",\"barcode_kavach_main_unit\":\"\",\"remarks\":\"\",\"observation_status\":\"Yes\",\"image_paths\":[]},{\"S_no\":\"12.3\",\"observation_text\":\"RFID Tag data Validation and Placement verification\",\"requirement_text\":\"System-generated RFID data validation report and Placement verification report shall available.\",\"barcode_kavach_main_unit\":\"\",\"remarks\":\"\",\"observation_status\":\"Select\",\"image_paths\":[]}]"}
[2026-01-28 13:34:18] Processing 3 observations
[2026-01-28 13:34:18] Found station: external=6777577, internal=116
[2026-01-28 13:34:18] SUCCESS: Observations saved
[2026-01-28 13:36:46] POST DATA: {"station-id":"354565","station-name":"dsffdfdfd","initial-date":"2026-01-28","division":"Nanded-Aurangabad","section-name":"Nanded-Aurangabad","zone":"SCR","updated-date":"2026-01-28","section-id":"13_0","observations":"[{\"S_no\":\"12.1\",\"observation_text\":\"Visual Inspection\",\"requirement_text\":\"Verify visual inspection, No gaps, No play, Tags shall be placing centre of the sleeper and Duplicate tag spacing (3\u20135 m)\",\"barcode_kavach_main_unit\":\"\",\"remarks\":\"\",\"observation_status\":\"No\",\"image_paths\":[]},{\"S_no\":\"12.2\",\"observation_text\":\"RFID Tags installation\",\"requirement_text\":\"RFID placement verification report shall be available and confirm placement within \u00b15 m of design location.\",\"barcode_kavach_main_unit\":\"\",\"remarks\":\"\",\"observation_status\":\"Select\",\"image_paths\":[]},{\"S_no\":\"12.3\",\"observation_text\":\"RFID Tag data Validation and Placement verification\",\"requirement_text\":\"System-generated RFID data validation report and Placement verification report shall available.\",\"barcode_kavach_main_unit\":\"\",\"remarks\":\"\",\"observation_status\":\"Select\",\"image_paths\":[]}]"}
[2026-01-28 13:36:46] Processing 3 observations
[2026-01-28 13:36:46] Found station: external=354565, internal=117
[2026-01-28 13:36:46] SUCCESS: Observations saved
